c:\users\hoooony\documents\visual studio 2013\projects\cg_termproject_together_tang_x3\cg_termproject_together_tang_x3\debug\cg_termproject_together_tang_x3.pch
c:\users\hoooony\documents\visual studio 2013\projects\cg_termproject_together_tang_x3\cg_termproject_together_tang_x3\debug\vc120.pdb
c:\users\hoooony\documents\visual studio 2013\projects\cg_termproject_together_tang_x3\cg_termproject_together_tang_x3\debug\vc120.idb
c:\users\hoooony\documents\visual studio 2013\projects\cg_termproject_together_tang_x3\cg_termproject_together_tang_x3\debug\stdafx.obj
c:\users\hoooony\documents\visual studio 2013\projects\cg_termproject_together_tang_x3\cg_termproject_together_tang_x3\debug\cg_termproject_together_tang_x3.obj
c:\users\hoooony\documents\visual studio 2013\projects\cg_termproject_together_tang_x3\cg_termproject_together_tang_x3\debug\lobby.obj
c:\users\hoooony\documents\visual studio 2013\projects\cg_termproject_together_tang_x3\cg_termproject_together_tang_x3\debug\maingame.obj
c:\users\hoooony\documents\visual studio 2013\projects\cg_termproject_together_tang_x3\cg_termproject_together_tang_x3\debug\scene.obj
c:\users\hoooony\documents\visual studio 2013\projects\cg_termproject_together_tang_x3\cg_termproject_together_tang_x3\debug\bitmap.obj
c:\users\hoooony\documents\visual studio 2013\projects\cg_termproject_together_tang_x3\cg_termproject_together_tang_x3\debug\logo.obj
c:\users\hoooony\documents\visual studio 2013\projects\cg_termproject_together_tang_x3\cg_termproject_together_tang_x3\debug\scenemgr.obj
c:\users\hoooony\documents\visual studio 2013\projects\cg_termproject_together_tang_x3\cg_termproject_together_tang_x3\debug\bitmapmgr.obj
c:\users\hoooony\documents\visual studio 2013\projects\cg_termproject_together_tang_x3\cg_termproject_together_tang_x3\debug\ingame.obj
c:\users\hoooony\documents\visual studio 2013\projects\cg_termproject_together_tang_x3\cg_termproject_together_tang_x3\debug\character.obj
c:\users\hoooony\documents\visual studio 2013\projects\cg_termproject_together_tang_x3\cg_termproject_together_tang_x3\debug\gamemap.obj
c:\users\hoooony\documents\visual studio 2013\projects\cg_termproject_together_tang_x3\cg_termproject_together_tang_x3\debug\gameobject.obj
c:\users\hoooony\documents\visual studio 2013\projects\cg_termproject_together_tang_x3\cg_termproject_together_tang_x3\debug\building.obj
c:\users\hoooony\documents\visual studio 2013\projects\cg_termproject_together_tang_x3\cg_termproject_together_tang_x3\debug\bunker.obj
c:\users\hoooony\documents\visual studio 2013\projects\cg_termproject_together_tang_x3\debug\cg_termproject_together_tang_x3.ilk
c:\users\hoooony\documents\visual studio 2013\projects\cg_termproject_together_tang_x3\debug\cg_termproject_together_tang_x3.exe
c:\users\hoooony\documents\visual studio 2013\projects\cg_termproject_together_tang_x3\debug\cg_termproject_together_tang_x3.pdb
c:\users\hoooony\documents\visual studio 2013\projects\cg_termproject_together_tang_x3\cg_termproject_together_tang_x3\debug\cg_termp.2b0501cd.tlog\cl.command.1.tlog
c:\users\hoooony\documents\visual studio 2013\projects\cg_termproject_together_tang_x3\cg_termproject_together_tang_x3\debug\cg_termp.2b0501cd.tlog\cl.read.1.tlog
c:\users\hoooony\documents\visual studio 2013\projects\cg_termproject_together_tang_x3\cg_termproject_together_tang_x3\debug\cg_termp.2b0501cd.tlog\cl.write.1.tlog
c:\users\hoooony\documents\visual studio 2013\projects\cg_termproject_together_tang_x3\cg_termproject_together_tang_x3\debug\cg_termp.2b0501cd.tlog\link.command.1.tlog
c:\users\hoooony\documents\visual studio 2013\projects\cg_termproject_together_tang_x3\cg_termproject_together_tang_x3\debug\cg_termp.2b0501cd.tlog\link.read.1.tlog
c:\users\hoooony\documents\visual studio 2013\projects\cg_termproject_together_tang_x3\cg_termproject_together_tang_x3\debug\cg_termp.2b0501cd.tlog\link.write.1.tlog
