빌드 시작: 2015-12-16 오전 12:03:47
     1>2 노드의 "C:\Users\hoooony\Documents\카카오톡 받은 파일\CG_TermProject_Together_Tang_x3 (5)\CG_TermProject_Together_Tang_x3\CG_TermProject_Together_Tang_x3.vcxproj" 프로젝트(Build 대상)입니다.
     1>Link:
         C:\Program Files (x86)\Microsoft Visual Studio 12.0\VC\bin\link.exe /ERRORREPORT:PROMPT /OUT:"C:\Users\hoooony\Documents\카카오톡 받은 파일\CG_TermProject_Together_Tang_x3 (5)\Release\CG_TermProject_Together_Tang_x3.exe" /INCREMENTAL:NO /NOLOGO kernel32.lib user32.lib gdi32.lib winspool.lib comdlg32.lib advapi32.lib shell32.lib ole32.lib oleaut32.lib uuid.lib odbc32.lib odbccp32.lib /MANIFEST /MANIFESTUAC:"level='asInvoker' uiAccess='false'" /manifest:embed /DEBUG /PDB:"C:\Users\hoooony\Documents\카카오톡 받은 파일\CG_TermProject_Together_Tang_x3 (5)\Release\CG_TermProject_Together_Tang_x3.pdb" /SUBSYSTEM:CONSOLE /OPT:REF /OPT:ICF /LTCG /TLBID:1 /DYNAMICBASE /NXCOMPAT /IMPLIB:"C:\Users\hoooony\Documents\카카오톡 받은 파일\CG_TermProject_Together_Tang_x3 (5)\Release\CG_TermProject_Together_Tang_x3.lib" /MACHINE:X86 /SAFESEH:NO Release\BitmapMgr.obj
         Release\Building.obj
         Release\Bullet.obj
         Release\CG_TermProject_Together_Tang_x3.obj
         Release\Character.obj
         Release\Bunker.obj
         Release\GameObject.obj
         Release\InGame.obj
         Release\InResult.obj
         Release\Item.obj
         Release\Lobby.obj
         Release\Logo.obj
         Release\MainGame.obj
         Release\Monster.obj
         Release\Scene.obj
         Release\SceneMgr.obj
         Release\stdafx.obj
         Release\TimerManager.obj
         Release\Weather.obj
         코드를 생성하고 있습니다.
     1>c:\users\hoooony\documents\카카오톡 받은 파일\cg_termproject_together_tang_x3 (5)\cg_termproject_together_tang_x3\bitmapmgr.cpp(389): warning C4715: 'CBitmapMgr::GetTexture' : 모든 제어 경로에서 값을 반환하지는 않습니다.
         코드를 생성했습니다.
         CG_TermProject_Together_Tang_x3.vcxproj -> C:\Users\hoooony\Documents\카카오톡 받은 파일\CG_TermProject_Together_Tang_x3 (5)\Release\CG_TermProject_Together_Tang_x3.exe
     1>"C:\Users\hoooony\Documents\카카오톡 받은 파일\CG_TermProject_Together_Tang_x3 (5)\CG_TermProject_Together_Tang_x3\CG_TermProject_Together_Tang_x3.vcxproj" 프로젝트를 빌드했습니다(Build 대상).

빌드했습니다.

경과 시간: 00:00:00.56
